<?xml version="1.0" encoding="UTF-8"?>
<testsuite xmlns:xsi="http://www.w3.org/2001/XMLSchema-instance" xsi:noNamespaceSchemaLocation="https://maven.apache.org/surefire/maven-surefire-plugin/xsd/surefire-test-report-3.0.xsd" version="3.0" name="com.grupo.TresEnRayaTest" time="0.073" tests="5" errors="0" skipped="0" failures="0">
  <properties>
[...]
</properties>
  <testcase name="testEjeYFueraDeRango" classname="com.grupo.TresEnRayaTest" time="0.033"/>
  <testcase name="testEjeXFueraDeRango" classname="com.grupo.TresEnRayaTest" time="0.003"/>
  <testcase name="testGanadorFila" classname="com.grupo.TresEnRayaTest" time="0.001"/>
  <testcase name="testPosicionOcupada" classname="com.grupo.TresEnRayaTest" time="0.002"/>
  <testcase name="testTurnosAlternos" classname="com.grupo.TresEnRayaTest" time="0.001"/>
</testsuite>